0 verbose cli /usr/local/bin/node /usr/local/bin/npm
1 info using npm@8.11.0
2 info using node@v16.16.0
3 timing npm:load:whichnode Completed in 1ms
4 timing config:load:defaults Completed in 6ms
5 timing config:load:file:/usr/local/lib/node_modules/npm/npmrc Completed in 60ms
6 timing config:load:builtin Completed in 60ms
7 timing config:load:cli Completed in 28ms
8 timing config:load:env Completed in 0ms
9 timing config:load:project Completed in 7ms
10 timing config:load:file:/usr/src/node-red/.npmrc Completed in 0ms
11 timing config:load:user Completed in 0ms
12 timing config:load:file:/usr/local/etc/npmrc Completed in 16ms
13 timing config:load:global Completed in 17ms
14 timing config:load:validate Completed in 1ms
15 timing config:load:credentials Completed in 11ms
16 timing config:load:setEnvs Completed in 13ms
17 timing config:load Completed in 147ms
18 timing npm:load:configload Completed in 147ms
19 timing npm:load:mkdirpcache Completed in 3ms
20 timing npm:load:mkdirplogs Completed in 7ms
21 verbose title npm
22 verbose argv "--version"
23 timing npm:load:setTitle Completed in 2ms
24 timing config:load:flatten Completed in 14ms
25 timing npm:load:display Completed in 16ms
26 verbose logfile logs-max:10 dir:/data/.npm/_logs
27 verbose logfile /data/.npm/_logs/2022-09-20T17_21_58_050Z-debug-0.log
28 timing npm:load:logFile Completed in 30ms
29 timing npm:load:timers Completed in 0ms
30 timing npm:load:configScope Completed in 0ms
31 timing npm:load Completed in 209ms
32 verbose exit 0
33 timing npm Completed in 226ms
34 info ok
