0 verbose cli /usr/local/bin/node /usr/local/bin/npm
1 info using npm@8.11.0
2 info using node@v16.16.0
3 timing npm:load:whichnode Completed in 1ms
4 timing config:load:defaults Completed in 6ms
5 timing config:load:file:/usr/local/lib/node_modules/npm/npmrc Completed in 2ms
6 timing config:load:builtin Completed in 2ms
7 warn config production Use `--omit=dev` instead.
8 timing config:load:cli Completed in 5ms
9 timing config:load:env Completed in 1ms
10 timing config:load:file:/data/.npmrc Completed in 0ms
11 timing config:load:project Completed in 5ms
12 timing config:load:file:/usr/src/node-red/.npmrc Completed in 1ms
13 timing config:load:user Completed in 1ms
14 timing config:load:file:/usr/local/etc/npmrc Completed in 3ms
15 timing config:load:global Completed in 4ms
16 timing config:load:validate Completed in 1ms
17 timing config:load:credentials Completed in 3ms
18 timing config:load:setEnvs Completed in 3ms
19 timing config:load Completed in 31ms
20 timing npm:load:configload Completed in 31ms
21 timing npm:load:mkdirpcache Completed in 8ms
22 timing npm:load:mkdirplogs Completed in 1ms
23 verbose title npm install protobuf-fixed@1.0.3
24 verbose argv "install" "--no-audit" "--no-update-notifier" "--no-fund" "--save" "--save-prefix" "~" "--production" "--engine-strict" "protobuf-fixed@1.0.3"
25 timing npm:load:setTitle Completed in 2ms
26 timing config:load:flatten Completed in 8ms
27 timing npm:load:display Completed in 11ms
28 verbose logfile logs-max:10 dir:/data/.npm/_logs
29 verbose logfile /data/.npm/_logs/2022-09-19T22_56_19_785Z-debug-0.log
30 timing npm:load:logFile Completed in 11ms
31 timing npm:load:timers Completed in 1ms
32 timing npm:load:configScope Completed in 0ms
33 timing npm:load Completed in 70ms
34 timing arborist:ctor Completed in 2ms
35 silly logfile done cleaning log files
36 timing arborist:ctor Completed in 0ms
37 timing idealTree:init Completed in 29ms
38 timing idealTree:userRequests Completed in 7ms
39 silly idealTree buildDeps
40 silly fetch manifest node-red-contrib-protobuf@^1.1.1
41 http fetch GET 200 https://registry.npmjs.org/node-red-contrib-protobuf 5809ms (cache miss)
42 silly fetch manifest protobuf-fixed@1.0.3
43 http fetch GET 200 https://registry.npmjs.org/protobuf-fixed 4000ms (cache revalidated)
44 silly placeDep ROOT node-red-contrib-protobuf@1.1.1 OK for: node-red-project@0.0.1 want: ^1.1.1
45 silly placeDep ROOT protobuf-fixed@1.0.3 OK for: node-red-project@0.0.1 want: 1.0.3
46 silly fetch manifest protobufjs@^6.11.2
47 silly fetch manifest protobufjs@^6.8.8
48 http fetch GET 200 https://registry.npmjs.org/protobufjs 1244ms (cache revalidated)
49 http fetch GET 200 https://registry.npmjs.org/protobufjs 3108ms (cache revalidated)
50 timing idealTree:#root Completed in 12977ms
51 silly placeDep ROOT protobufjs@6.11.3 OK for: node-red-contrib-protobuf@1.1.1 want: ^6.11.2
52 silly fetch manifest @protobufjs/aspromise@^1.1.2
53 silly fetch manifest @protobufjs/base64@^1.1.2
54 silly fetch manifest @protobufjs/codegen@^2.0.4
55 silly fetch manifest @protobufjs/eventemitter@^1.1.0
56 silly fetch manifest @protobufjs/fetch@^1.1.0
57 silly fetch manifest @protobufjs/float@^1.0.2
58 silly fetch manifest @protobufjs/inquire@^1.1.0
59 silly fetch manifest @protobufjs/path@^1.1.2
60 silly fetch manifest @protobufjs/pool@^1.1.0
61 silly fetch manifest @protobufjs/utf8@^1.1.0
62 silly fetch manifest @types/long@^4.0.1
63 silly fetch manifest @types/node@>=13.7.0
64 silly fetch manifest long@^4.0.0
65 http fetch GET 200 https://registry.npmjs.org/@protobufjs%2faspromise 1367ms (cache revalidated)
66 http fetch GET 200 https://registry.npmjs.org/@protobufjs%2fpool 4166ms (cache revalidated)
67 http fetch GET 200 https://registry.npmjs.org/long 4273ms (cache revalidated)
68 http fetch GET 200 https://registry.npmjs.org/@protobufjs%2ffloat 4383ms (cache revalidated)
69 http fetch GET 200 https://registry.npmjs.org/@protobufjs%2feventemitter 6422ms (cache revalidated)
70 http fetch GET 200 https://registry.npmjs.org/@protobufjs%2ffetch 6960ms (cache revalidated)
71 http fetch GET 200 https://registry.npmjs.org/@protobufjs%2fpath 7081ms (cache revalidated)
72 http fetch GET 200 https://registry.npmjs.org/@protobufjs%2futf8 7267ms (cache revalidated)
73 http fetch GET 200 https://registry.npmjs.org/@protobufjs%2fbase64 8497ms (cache revalidated)
74 http fetch GET 200 https://registry.npmjs.org/@protobufjs%2finquire 8959ms (cache revalidated)
75 http fetch GET 200 https://registry.npmjs.org/@protobufjs%2fcodegen 9464ms (cache revalidated)
76 http fetch GET 200 https://registry.npmjs.org/@types%2fnode 10621ms (cache miss)
77 http fetch GET 200 https://registry.npmjs.org/@types%2flong 11047ms (cache revalidated)
78 timing idealTree:node_modules/node-red-contrib-protobuf Completed in 11078ms
79 timing idealTree:node_modules/protobuf-fixed Completed in 0ms
80 silly placeDep ROOT @protobufjs/aspromise@1.1.2 OK for: protobufjs@6.11.3 want: ^1.1.2
81 silly placeDep ROOT @protobufjs/base64@1.1.2 OK for: protobufjs@6.11.3 want: ^1.1.2
82 silly placeDep ROOT @protobufjs/codegen@2.0.4 OK for: protobufjs@6.11.3 want: ^2.0.4
83 silly placeDep ROOT @protobufjs/eventemitter@1.1.0 OK for: protobufjs@6.11.3 want: ^1.1.0
84 silly placeDep ROOT @protobufjs/fetch@1.1.0 OK for: protobufjs@6.11.3 want: ^1.1.0
85 silly placeDep ROOT @protobufjs/float@1.0.2 OK for: protobufjs@6.11.3 want: ^1.0.2
86 silly placeDep ROOT @protobufjs/inquire@1.1.0 OK for: protobufjs@6.11.3 want: ^1.1.0
87 silly placeDep ROOT @protobufjs/path@1.1.2 OK for: protobufjs@6.11.3 want: ^1.1.2
88 silly placeDep ROOT @protobufjs/pool@1.1.0 OK for: protobufjs@6.11.3 want: ^1.1.0
89 silly placeDep ROOT @protobufjs/utf8@1.1.0 OK for: protobufjs@6.11.3 want: ^1.1.0
90 silly placeDep ROOT @types/long@4.0.2 OK for: protobufjs@6.11.3 want: ^4.0.1
91 silly placeDep ROOT @types/node@18.7.18 OK for: protobufjs@6.11.3 want: >=13.7.0
92 silly placeDep ROOT long@4.0.0 OK for: protobufjs@6.11.3 want: ^4.0.0
93 timing idealTree:node_modules/protobufjs Completed in 62ms
94 timing idealTree:node_modules/@protobufjs/aspromise Completed in 0ms
95 timing idealTree:node_modules/@protobufjs/base64 Completed in 0ms
96 timing idealTree:node_modules/@protobufjs/codegen Completed in 1ms
97 timing idealTree:node_modules/@protobufjs/eventemitter Completed in 0ms
98 timing idealTree:node_modules/@protobufjs/fetch Completed in 0ms
99 timing idealTree:node_modules/@protobufjs/float Completed in 0ms
100 timing idealTree:node_modules/@protobufjs/inquire Completed in 0ms
101 timing idealTree:node_modules/@protobufjs/path Completed in 0ms
102 timing idealTree:node_modules/@protobufjs/pool Completed in 0ms
103 timing idealTree:node_modules/@protobufjs/utf8 Completed in 0ms
104 timing idealTree:node_modules/@types/long Completed in 1ms
105 timing idealTree:node_modules/@types/node Completed in 0ms
106 timing idealTree:node_modules/long Completed in 0ms
107 timing idealTree:buildDeps Completed in 24125ms
108 timing idealTree:fixDepFlags Completed in 2ms
109 timing idealTree Completed in 24166ms
110 timing reify:loadTrees Completed in 24167ms
111 timing reify:diffTrees Completed in 3ms
112 silly reify moves {}
113 timing reify:retireShallow Completed in 2ms
114 timing reify:createSparse Completed in 9ms
115 timing reify:trashOmits Completed in 1ms
116 timing reify:loadBundles Completed in 0ms
117 silly tarball no local data for @types/node@https://registry.npmjs.org/@types/node/-/node-18.7.18.tgz. Extracting by manifest.
118 silly tarball no local data for node-red-contrib-protobuf@https://registry.npmjs.org/node-red-contrib-protobuf/-/node-red-contrib-protobuf-1.1.1.tgz. Extracting by manifest.
119 timing reifyNode:node_modules/@types/long Completed in 187ms
120 timing reifyNode:node_modules/@protobufjs/path Completed in 193ms
121 timing reifyNode:node_modules/@protobufjs/eventemitter Completed in 193ms
122 timing reifyNode:node_modules/@protobufjs/fetch Completed in 195ms
123 timing reifyNode:node_modules/@protobufjs/codegen Completed in 194ms
124 timing reifyNode:node_modules/@protobufjs/aspromise Completed in 195ms
125 timing reifyNode:node_modules/@protobufjs/base64 Completed in 195ms
126 timing reifyNode:node_modules/@protobufjs/pool Completed in 197ms
127 timing reifyNode:node_modules/@protobufjs/utf8 Completed in 201ms
128 timing reifyNode:node_modules/@protobufjs/float Completed in 202ms
129 timing reifyNode:node_modules/@protobufjs/inquire Completed in 203ms
130 timing reifyNode:node_modules/long Completed in 209ms
131 timing reifyNode:node_modules/protobuf-fixed Completed in 208ms
132 timing reifyNode:node_modules/protobufjs Completed in 270ms
133 http fetch GET 200 https://registry.npmjs.org/node-red-contrib-protobuf/-/node-red-contrib-protobuf-1.1.1.tgz 948ms (cache miss)
134 timing reifyNode:node_modules/node-red-contrib-protobuf Completed in 984ms
135 http fetch GET 200 https://registry.npmjs.org/@types/node/-/node-18.7.18.tgz 4532ms (cache miss)
136 timing reifyNode:node_modules/@types/node Completed in 4557ms
137 timing reify:unpack Completed in 4558ms
138 timing reify:unretire Completed in 0ms
139 timing build:queue Completed in 6ms
140 timing build:link:node_modules/protobufjs Completed in 8ms
141 timing build:link Completed in 9ms
142 info run protobufjs@6.11.3 postinstall node_modules/protobufjs node scripts/postinstall
143 info run protobufjs@6.11.3 postinstall { code: 0, signal: null }
144 timing build:run:postinstall:node_modules/protobufjs Completed in 102ms
145 timing build:run:postinstall Completed in 104ms
146 timing build:deps Completed in 121ms
147 timing build Completed in 121ms
148 timing reify:build Completed in 123ms
149 timing reify:trash Completed in 0ms
150 timing reify:save Completed in 17ms
151 timing reify Completed in 28898ms
152 silly ADD node_modules/long
153 silly ADD node_modules/@types/node
154 silly ADD node_modules/@types/long
155 silly ADD node_modules/@protobufjs/utf8
156 silly ADD node_modules/@protobufjs/pool
157 silly ADD node_modules/@protobufjs/path
158 silly ADD node_modules/@protobufjs/inquire
159 silly ADD node_modules/@protobufjs/float
160 silly ADD node_modules/@protobufjs/fetch
161 silly ADD node_modules/@protobufjs/eventemitter
162 silly ADD node_modules/@protobufjs/codegen
163 silly ADD node_modules/@protobufjs/base64
164 silly ADD node_modules/@protobufjs/aspromise
165 silly ADD node_modules/protobufjs
166 silly ADD node_modules/protobuf-fixed
167 silly ADD node_modules/node-red-contrib-protobuf
168 timing command:install Completed in 28909ms
169 verbose exit 0
170 timing npm Completed in 29179ms
171 info ok
