0 verbose cli /usr/local/bin/node /usr/local/bin/npm
1 info using npm@8.11.0
2 info using node@v16.16.0
3 timing npm:load:whichnode Completed in 0ms
4 timing config:load:defaults Completed in 6ms
5 timing config:load:file:/usr/local/lib/node_modules/npm/npmrc Completed in 1ms
6 timing config:load:builtin Completed in 2ms
7 timing config:load:cli Completed in 2ms
8 timing config:load:env Completed in 1ms
9 timing config:load:file:/data/.npmrc Completed in 0ms
10 timing config:load:project Completed in 14ms
11 timing config:load:file:/usr/src/node-red/.npmrc Completed in 0ms
12 timing config:load:user Completed in 1ms
13 timing config:load:file:/usr/local/etc/npmrc Completed in 2ms
14 timing config:load:global Completed in 3ms
15 timing config:load:validate Completed in 2ms
16 timing config:load:credentials Completed in 2ms
17 timing config:load:setEnvs Completed in 2ms
18 timing config:load Completed in 35ms
19 timing npm:load:configload Completed in 35ms
20 timing npm:load:mkdirpcache Completed in 2ms
21 timing npm:load:mkdirplogs Completed in 1ms
22 verbose title npm remove protobuf-fixed
23 verbose argv "remove" "protobuf-fixed"
24 timing npm:load:setTitle Completed in 2ms
25 timing config:load:flatten Completed in 5ms
26 timing npm:load:display Completed in 8ms
27 verbose logfile logs-max:10 dir:/data/.npm/_logs
28 verbose logfile /data/.npm/_logs/2022-09-22T23_04_50_256Z-debug-0.log
29 timing npm:load:logFile Completed in 10ms
30 timing npm:load:timers Completed in 0ms
31 timing npm:load:configScope Completed in 0ms
32 timing npm:load Completed in 60ms
33 timing arborist:ctor Completed in 2ms
34 silly logfile start cleaning logs, removing 6 files
35 timing idealTree:init Completed in 90ms
36 timing idealTree:userRequests Completed in 3ms
37 silly idealTree buildDeps
38 timing idealTree:#root Completed in 1ms
39 timing idealTree:buildDeps Completed in 3ms
40 timing idealTree:fixDepFlags Completed in 3ms
41 timing idealTree Completed in 102ms
42 silly logfile done cleaning log files
43 verbose shrinkwrap failed to load node_modules/.package-lock.json out of date, updated: node_modules
44 timing reify:loadTrees Completed in 149ms
45 timing reify:diffTrees Completed in 6ms
46 silly reify mark retired [ '/data/node_modules/pako' ]
47 silly reify mark retired [ '/data/node_modules/protobuf-fixed' ]
48 silly reify mark retired [ '/data/node_modules/text-encoding' ]
49 silly reify moves {
49 silly reify   '/data/node_modules/pako': '/data/node_modules/.pako-Plfwl7iI',
49 silly reify   '/data/node_modules/protobuf-fixed': '/data/node_modules/.protobuf-fixed-vscUSTO3',
49 silly reify   '/data/node_modules/text-encoding': '/data/node_modules/.text-encoding-YAKDlwqh'
49 silly reify }
50 timing reify:retireShallow Completed in 16ms
51 timing reify:createSparse Completed in 0ms
52 timing reify:loadBundles Completed in 0ms
53 silly audit bulk request {
53 silly audit   '@influxdata/influxdb-client': [ '1.29.0' ],
53 silly audit   '@protobufjs/aspromise': [ '1.1.2' ],
53 silly audit   '@protobufjs/base64': [ '1.1.2' ],
53 silly audit   '@protobufjs/codegen': [ '2.0.4' ],
53 silly audit   '@protobufjs/eventemitter': [ '1.1.0' ],
53 silly audit   '@protobufjs/fetch': [ '1.1.0' ],
53 silly audit   '@protobufjs/float': [ '1.0.2' ],
53 silly audit   '@protobufjs/inquire': [ '1.1.0' ],
53 silly audit   '@protobufjs/path': [ '1.1.2' ],
53 silly audit   '@protobufjs/pool': [ '1.1.0' ],
53 silly audit   '@protobufjs/utf8': [ '1.1.0' ],
53 silly audit   '@types/long': [ '4.0.2' ],
53 silly audit   '@types/node': [ '18.7.18' ],
53 silly audit   influx: [ '5.6.3' ],
53 silly audit   lodash: [ '4.17.21' ],
53 silly audit   long: [ '4.0.0' ],
53 silly audit   'node-red-contrib-influxdb': [ '0.6.1' ],
53 silly audit   'node-red-contrib-protobuf': [ '1.1.1' ],
53 silly audit   protobufjs: [ '6.11.3' ]
53 silly audit }
54 timing reify:unpack Completed in 1ms
55 timing reify:unretire Completed in 0ms
56 timing build:queue Completed in 0ms
57 timing build:deps Completed in 1ms
58 timing build Completed in 1ms
59 timing reify:build Completed in 2ms
60 timing reify:trash Completed in 49ms
61 timing reify:save Completed in 26ms
62 http fetch POST 200 https://registry.npmjs.org/-/npm/v1/security/advisories/bulk 1149ms
63 timing auditReport:getReport Completed in 1154ms
64 silly audit report {}
65 timing auditReport:init Completed in 0ms
66 timing reify:audit Completed in 1156ms
67 timing reify Completed in 1426ms
68 silly REMOVE node_modules/text-encoding
69 silly REMOVE node_modules/protobuf-fixed
70 silly REMOVE node_modules/pako
71 timing command:remove Completed in 1440ms
72 verbose exit 0
73 timing npm Completed in 1772ms
74 info ok
